/home/test/junior_crystal/TEST_CRY21_vs_CRY17/SVN_PUB_21_10_2020/bin/Linux-ifort_openmpi-3.1.4-icc_i64_clut/std/Pcrystal
/scratch/daga/tmp_p837
script started on node23
def2-QZVP ice VII
CRYSTAL
0 0 0
1
10.554869651794434 7.036477565765381 3.325532913208008 90.00000204842837 89.99999799884444 89.99993596576579 
36
1.0 0.05233129858970642 0.0784965306520462 0.17361019551753998 
1.0 0.3856646418571472 0.0784965306520462 0.17361019551753998 
1.0 0.7189979553222656 0.0784965306520462 0.17361019551753998 
1.0 0.05233129858970642 0.578496515750885 0.17361019551753998 
1.0 0.3856646418571472 0.578496515750885 0.17361019551753998 
1.0 0.7189979553222656 0.578496515750885 0.17361019551753998 
1.0 0.2810020446777344 0.421503484249115 0.1736101508140564 
1.0 0.6143353581428528 0.421503484249115 0.1736101508140564 
1.0 0.947668731212616 0.421503484249115 0.1736101508140564 
1.0 0.2810020446777344 0.921503484249115 0.1736101508140564 
1.0 0.6143353581428528 0.921503484249115 0.1736101508140564 
1.0 0.947668731212616 0.921503484249115 0.1736101508140564 
1.0 0.21899749338626862 0.1715041995048523 0.6736117601394653 
1.0 0.5523307919502258 0.1715041995048523 0.6736117601394653 
1.0 0.885664165019989 0.1715041995048523 0.6736117601394653 
1.0 0.21899749338626862 0.6715041995048523 0.6736117601394653 
1.0 0.5523307919502258 0.6715041995048523 0.6736117601394653 
1.0 0.885664165019989 0.6715041995048523 0.6736117601394653 
1.0 0.11433587223291397 0.3284957706928253 0.673611581325531 
1.0 0.44766920804977417 0.3284957706928253 0.673611581325531 
1.0 0.7810025215148926 0.3284957706928253 0.673611581325531 
1.0 0.11433587223291397 0.8284957408905029 0.673611581325531 
1.0 0.44766920804977417 0.8284957408905029 0.673611581325531 
1.0 0.7810025215148926 0.8284957408905029 0.673611581325531 
8.0 1.0 2.6540988073975313e-08 0.9927787780761719 
8.0 0.3333333134651184 2.6540988073975313e-08 0.9927787780761719 
8.0 0.6666666269302368 2.6540988073975313e-08 0.9927787780761719 
8.0 1.0 0.5 0.9927787780761719 
8.0 0.3333333134651184 0.5 0.9927787780761719 
8.0 0.6666666269302368 0.5 0.9927787780761719 
8.0 0.1666666567325592 0.25 0.4927774667739868 
8.0 0.5 0.25 0.4927774667739868 
8.0 0.8333333134651184 0.25 0.4927774667739868 
8.0 0.1666666567325592 0.75 0.4927774667739868 
8.0 0.5 0.75 0.4927774667739868 
8.0 0.8333333134651184 0.75 0.4927774667739868 
ATOMORDE
END
1 10
0 0 4 1 1.0
    190.6916900              0.70815167D-03
     28.6055320              0.54678827D-02
      6.5095943              0.27966605D-01
      1.8412455              0.10764538
0 0 1 0 1.0
      0.59853725             1.0000000
0 0 1 0 1.0
      0.21397624             1.0000000
0 0 1 0 1.0
      0.80316286D-01         1.0000000
0 2 1 0 1.0
      2.29200000             1.0000000
0 2 1 0 1.0
      0.83800000             1.0000000
0 2 1 0 1.0
      0.29200000             1.0000000
0 3 1 0 1.0
      2.06200000             1.0000000
0 3 1 0 1.0
      0.66200000             1.0000000
0 4 1 0 1.0
      1.39700000             1.0000000
8 16
0 0 8 2 1.0
 116506.4690800              0.40383857939D-04
  17504.3497240              0.31255139004D-03
   3993.4513230              0.16341473495D-02
   1133.0063186              0.68283224757D-02
    369.99569594             0.24124410221D-01
    133.62074349             0.72730206154D-01
     52.035643649            0.17934429892
     21.461939313            0.33059588895
0 0 2 2 1.0
     89.835051252            0.96468652996D-01
     26.428010844            0.94117481120
0 0 1 0 1.0
      9.2822824649           1.0000000
0 0 1 0 1.0
      4.0947728533           1.0000000
0 0 1 0 1.0
      1.3255349078           1.0000000
0 0 1 0 1.0
      0.51877230787          1.0000000
0 0 1 0 1.0
      0.19772676454          1.0000000
0 2 5 4.0 1.0
    191.15255810             0.25115697705D-02
     45.233356739            0.20039240864D-01
     14.353465922            0.93609064762D-01
      5.2422371832           0.30618127124
      2.0792418599           0.67810501439
0 2 1 0 1.0
      0.84282371424          1.0000000
0 2 1 0 1.0
      0.33617694891          1.0000000
0 2 1 0 1.0
      0.12863997974          1.0000000
0 3 1 0 1.0
      3.77500000             1.0000000
0 3 1 0 1.0
      1.30000000             1.0000000
0 3 1 0 1.0
      0.44400000             1.0000000
0 4 1 0 1.0
      2.66600000             1.0000000
0 4 1 0 1.0
      0.85900000             1.0000000
99 0
END
DFT
PBE
END
TOLINTEG
6 6 6 6 12
SHRINK
8 8
END
************************************************
ANOTHER DROLLERY FILLED RUN OF THE CRYSTAL CODE!
************************************************
Thu 06 Jul 2023 08:36:47 PM CEST
 PROCESS            0  OF            8  WORKING
 PROCESS            2  OF            8  WORKING
 PROCESS            1  OF            8  WORKING
 PROCESS            4  OF            8  WORKING
 PROCESS            5  OF            8  WORKING
 PROCESS            7  OF            8  WORKING
 PROCESS            3  OF            8  WORKING
 PROCESS            6  OF            8  WORKING

         
 *******************************************************************************
 *                                                                             *
 *                               CRYSTAL17                                     *
 *                      public : 1.0.2 - March 1st, 2018                       *
 *                       HTTP://WWW.CRYSTAL.UNITO.IT                           *
 *                                                                             *
 *                              MAIN AUTHORS                                   *
 *                                                                             *
 *  R. DOVESI(1,11), V.R. SAUNDERS(2), C. ROETTI(1,11), R. ORLANDO(1,11),      *
 *  C.M. ZICOVICH-WILSON(1,3), F. PASCALE(4), B. CIVALLERI(1,11),              *
 *  K. DOLL(5), N.M. HARRISON(2,6), I.J. BUSH(7), Ph. D'ARCO(8),               *
 *  M. LLUNELL(9), M. CAUSA'(10), Y. NOEL(8), L. MASCHIO(1,11), A. ERBA(1,11)  *
 *  M. RE'RAT(14), S. CASASSA(1,11)                                            *
 *                                                                             *
 *        CONTRIBUTIONS TO THE CODE HAVE ALSO BEEN GIVEN BY                    *
 *                                                                             *
 *  M. FERRABONE(1,11), M. DE LA PIERRE(1,11), M. FERRERO(1,11),               *
 *  J. BAIMA(1,11), E. ALBANESE(1,11), M.F. PEINTINGER(12), R. BAST(13),       *
 *  B. KIRTMAN(15), V. LACIVITA(1,11), R. DEMICHELIS(1,16)                     *
 *  G. BRANDEBURG(17), S. SALUSTRO(1,11), G. SANSONE(1,11)                     *
 *  M.T. RUGGIERO(18)                                                          *
 *                                                                             *
 * (1) THEORETICAL CHEMISTRY GROUP - UNIVERSITA' DI TORINO - TORINO (ITALY)    *
 * (2) COMPUTATIONAL SCIENCE & ENGINEERING DEPARTMENT - STFC DARESBURY (UK)    *
 * (3) UNIVERSIDAD AUTONOMA DEL ESTADO DE MORELOS - CUERNAVACA (MEXICO)        *
 * (4) UNIVERSITE' DE LORRAINE - NANCY (FRANCE)                                *
 * (5) UNIVERSITAET STUTTGART- STUTTGART (GERMANY)                             *
 * (6) IMPERIAL COLLEGE - LONDON (UK)                                          *
 * (7) OXFORD E-RESEARCH CENTRE - OXFORD (UK)                                  *
 * (8) UPMC - SORBONNE UNIVERSITES - PARIS (FRANCE)                            *
 * (9) UNIVERSIDAD DE BARCELONA - BARCELONA (SPAIN)                            *
 *(10) UNIVERSITA' DI NAPOLI "FEDERICO II" - NAPOLI (ITALY)                    *
 *(11) NIS - NANOSTRUCTURED INTERFACES AND SURFACES - TORINO (ITALY)           *
 *(12) MPI FUER CHEMISCHE ENERGIEKONVERSION - MUELHEIM AN DER RUHR (GERMANY)   *
 *(13) UNIVERSITY OF TROMSO - TROMSO (NORWAY)                                  *
 *(14) UNIVERSITE' DE PAU ET DES PAYS DE L'ADOUR - PAU (FRANCE)                *
 *(15) UNIVERSITY OF CALIFORNIA SANTA BARBARA - SANTA BARBARA (USA)            *
 *(16) CURTIN UNIVERSITY - PERTH (AUSTRALIA)                                   *
 *(17) UNIVERSITY COLLEGE LONDON - LONDON (UK)                                 *
 *(18) CAMBRIDGE UNIVERSITY - CAMBRIDGE (UK)                                   *
 *                                                                             *
 *******************************************************************************
 EEEEEEEEEE STARTING  DATE 06 07 2023 TIME 20:36:48.6
 def2-QZVP ice VII                                                               

 CRYSTAL CALCULATION
 (INPUT ACCORDING TO THE INTERNATIONAL TABLES FOR X-RAY CRYSTALLOGRAPHY)
 CRYSTAL FAMILY                       :  TRICLINIC   
 CRYSTAL CLASS  (GROTH - 1921)        :  TRICLINIC PEDIAL                     

 SPACE GROUP (NONCENTROSYMMETRIC)     :  P 1             

 LATTICE PARAMETERS  (ANGSTROMS AND DEGREES) - CONVENTIONAL CELL
        A           B           C        ALPHA        BETA       GAMMA
    10.55487     7.03648     3.32553    90.00000    90.00000    89.99994


 NUMBER OF IRREDUCIBLE ATOMS IN THE CONVENTIONAL CELL:   36

 INPUT COORDINATES

 ATOM AT. N.              COORDINATES
   1   1     5.233129858971E-02  7.849653065205E-02  1.736101955175E-01
   2   1     3.856646418571E-01  7.849653065205E-02  1.736101955175E-01
   3   1     7.189979553223E-01  7.849653065205E-02  1.736101955175E-01
   4   1     5.233129858971E-02  5.784965157509E-01  1.736101955175E-01
   5   1     3.856646418571E-01  5.784965157509E-01  1.736101955175E-01
   6   1     7.189979553223E-01  5.784965157509E-01  1.736101955175E-01
   7   1     2.810020446777E-01  4.215034842491E-01  1.736101508141E-01
   8   1     6.143353581429E-01  4.215034842491E-01  1.736101508141E-01
   9   1     9.476687312126E-01  4.215034842491E-01  1.736101508141E-01
  10   1     2.810020446777E-01  9.215034842491E-01  1.736101508141E-01
  11   1     6.143353581429E-01  9.215034842491E-01  1.736101508141E-01
  12   1     9.476687312126E-01  9.215034842491E-01  1.736101508141E-01
  13   1     2.189974933863E-01  1.715041995049E-01  6.736117601395E-01
  14   1     5.523307919502E-01  1.715041995049E-01  6.736117601395E-01
  15   1     8.856641650200E-01  1.715041995049E-01  6.736117601395E-01
  16   1     2.189974933863E-01  6.715041995049E-01  6.736117601395E-01
  17   1     5.523307919502E-01  6.715041995049E-01  6.736117601395E-01
  18   1     8.856641650200E-01  6.715041995049E-01  6.736117601395E-01
  19   1     1.143358722329E-01  3.284957706928E-01  6.736115813255E-01
  20   1     4.476692080498E-01  3.284957706928E-01  6.736115813255E-01
  21   1     7.810025215149E-01  3.284957706928E-01  6.736115813255E-01
  22   1     1.143358722329E-01  8.284957408905E-01  6.736115813255E-01
  23   1     4.476692080498E-01  8.284957408905E-01  6.736115813255E-01
  24   1     7.810025215149E-01  8.284957408905E-01  6.736115813255E-01
  25   8     1.000000000000E+00  2.654098807398E-08  9.927787780762E-01
  26   8     3.333333134651E-01  2.654098807398E-08  9.927787780762E-01
  27   8     6.666666269302E-01  2.654098807398E-08  9.927787780762E-01
  28   8     1.000000000000E+00  5.000000000000E-01  9.927787780762E-01
  29   8     3.333333134651E-01  5.000000000000E-01  9.927787780762E-01
  30   8     6.666666269302E-01  5.000000000000E-01  9.927787780762E-01
  31   8     1.666666567326E-01  2.500000000000E-01  4.927774667740E-01
  32   8     5.000000000000E-01  2.500000000000E-01  4.927774667740E-01
  33   8     8.333333134651E-01  2.500000000000E-01  4.927774667740E-01
  34   8     1.666666567326E-01  7.500000000000E-01  4.927774667740E-01
  35   8     5.000000000000E-01  7.500000000000E-01  4.927774667740E-01
  36   8     8.333333134651E-01  7.500000000000E-01  4.927774667740E-01

 *******************************************************************************

 << INFORMATION >>: FROM NOW ON, ALL COORDINATES REFER TO THE PRIMITIVE CELL

 *******************************************************************************

 LATTICE PARAMETERS  (ANGSTROMS AND DEGREES) - PRIMITIVE CELL
       A          B          C        ALPHA      BETA     GAMMA        VOLUME
   10.55487    7.03648    3.32553    90.00000  90.00000  89.99994    246.984348

 COORDINATES OF THE EQUIVALENT ATOMS (FRACTIONAL UNITS)

 N. ATOM EQUIV AT. N.          X                  Y                  Z

   1   1   1    1 H     5.23312985897E-02  7.84965306520E-02  1.73610195518E-01

   2   2   1    1 H     3.85664641857E-01  7.84965306520E-02  1.73610195518E-01

   3   3   1    1 H    -2.81002044678E-01  7.84965306520E-02  1.73610195518E-01

   4   4   1    1 H     5.23312985897E-02 -4.21503484249E-01  1.73610195518E-01

   5   5   1    1 H     3.85664641857E-01 -4.21503484249E-01  1.73610195518E-01

   6   6   1    1 H    -2.81002044678E-01 -4.21503484249E-01  1.73610195518E-01

   7   7   1    1 H     2.81002044678E-01  4.21503484249E-01  1.73610150814E-01

   8   8   1    1 H    -3.85664641857E-01  4.21503484249E-01  1.73610150814E-01

   9   9   1    1 H    -5.23312687874E-02  4.21503484249E-01  1.73610150814E-01

  10  10   1    1 H     2.81002044678E-01 -7.84965157509E-02  1.73610150814E-01

  11  11   1    1 H    -3.85664641857E-01 -7.84965157509E-02  1.73610150814E-01

  12  12   1    1 H    -5.23312687874E-02 -7.84965157509E-02  1.73610150814E-01

  13  13   1    1 H     2.18997493386E-01  1.71504199505E-01 -3.26388239861E-01

  14  14   1    1 H    -4.47669208050E-01  1.71504199505E-01 -3.26388239861E-01

  15  15   1    1 H    -1.14335834980E-01  1.71504199505E-01 -3.26388239861E-01

  16  16   1    1 H     2.18997493386E-01 -3.28495800495E-01 -3.26388239861E-01

  17  17   1    1 H    -4.47669208050E-01 -3.28495800495E-01 -3.26388239861E-01

  18  18   1    1 H    -1.14335834980E-01 -3.28495800495E-01 -3.26388239861E-01

  19  19   1    1 H     1.14335872233E-01  3.28495770693E-01 -3.26388418674E-01

  20  20   1    1 H     4.47669208050E-01  3.28495770693E-01 -3.26388418674E-01

  21  21   1    1 H    -2.18997478485E-01  3.28495770693E-01 -3.26388418674E-01

  22  22   1    1 H     1.14335872233E-01 -1.71504259109E-01 -3.26388418674E-01

  23  23   1    1 H     4.47669208050E-01 -1.71504259109E-01 -3.26388418674E-01

  24  24   1    1 H    -2.18997478485E-01 -1.71504259109E-01 -3.26388418674E-01

  25  25   1    8 O     0.00000000000E+00  2.65409880740E-08 -7.22122192383E-03

  26  26   1    8 O     3.33333313465E-01  2.65409880740E-08 -7.22122192383E-03

  27  27   1    8 O    -3.33333373070E-01  2.65409880740E-08 -7.22122192383E-03

  28  28   1    8 O     0.00000000000E+00 -5.00000000000E-01 -7.22122192383E-03

  29  29   1    8 O     3.33333313465E-01 -5.00000000000E-01 -7.22122192383E-03

  30  30   1    8 O    -3.33333373070E-01 -5.00000000000E-01 -7.22122192383E-03

  31  31   1    8 O     1.66666656733E-01  2.50000000000E-01  4.92777466774E-01

  32  32   1    8 O    -5.00000000000E-01  2.50000000000E-01  4.92777466774E-01

  33  33   1    8 O    -1.66666686535E-01  2.50000000000E-01  4.92777466774E-01

  34  34   1    8 O     1.66666656733E-01 -2.50000000000E-01  4.92777466774E-01

  35  35   1    8 O    -5.00000000000E-01 -2.50000000000E-01  4.92777466774E-01

  36  36   1    8 O    -1.66666686535E-01 -2.50000000000E-01  4.92777466774E-01

 NUMBER OF SYMMETRY OPERATORS         :    1
 *******************************************************************************
 * GEOMETRY EDITING - INPUT COORDINATES ARE GIVEN IN ANGSTROM         
 *******************************************************************************

 COORDINATES IN ANGSTROM

 GCALCO - MAX INDICES DIRECT LATTICE VECTOR     8    13    28
 NO.OF VECTORS CREATED 6999 STARS 3408 RMAX    74.32950 BOHR


 *******************************************************************************
 *  SEARCHING THE MOLECULES OF THE CRYSTAL
 *******************************************************************************

 MOLECULAR FRAGMENT N.    1
 REFERENCE ATOM:    1 IN CELL  0 0 0  COORDINATES    0.552   0.552   0.577
 FRAGMENT COMPOSITION:
  SEQ.  NO. 
  NEW   OLD    CELL   AT. NO.             COORD.(A)
   1     1    0  0  0    1       0.5524    0.5523    0.5773
   2    25    0  0  0    8      -0.0000    0.0000   -0.0240
   3    12    0  0  0    1      -0.5523   -0.5523    0.5773

 MOLECULAR FRAGMENT N.    2
 REFERENCE ATOM:    2 IN CELL  0 0 0  COORDINATES    4.071   0.552   0.577
 FRAGMENT COMPOSITION:
  SEQ.  NO. 
  NEW   OLD    CELL   AT. NO.             COORD.(A)
   4     2    0  0  0    1       4.0706    0.5523    0.5773
   5    26    0  0  0    8       3.5183    0.0000   -0.0240
   6    10    0  0  0    1       2.9659   -0.5523    0.5773

 MOLECULAR FRAGMENT N.    3
 REFERENCE ATOM:    3 IN CELL  0 0 0  COORDINATES   -2.966   0.552   0.577
 FRAGMENT COMPOSITION:
  SEQ.  NO. 
  NEW   OLD    CELL   AT. NO.             COORD.(A)
   7     3    0  0  0    1      -2.9659    0.5523    0.5773
   8    27    0  0  0    8      -3.5183   -0.0000   -0.0240
   9    11    0  0  0    1      -4.0706   -0.5523    0.5773

 MOLECULAR FRAGMENT N.    4
 REFERENCE ATOM:    4 IN CELL  0 0 0  COORDINATES    0.552  -2.966   0.577
 FRAGMENT COMPOSITION:
  SEQ.  NO. 
  NEW   OLD    CELL   AT. NO.             COORD.(A)
  10     4    0  0  0    1       0.5524   -2.9659    0.5773
  11    28    0  0  0    8      -0.0000   -3.5182   -0.0240
  12     9    0 -1  0    1      -0.5523   -4.0706    0.5773

 MOLECULAR FRAGMENT N.    5
 REFERENCE ATOM:    5 IN CELL  0 0 0  COORDINATES    4.071  -2.966   0.577
 FRAGMENT COMPOSITION:
  SEQ.  NO. 
  NEW   OLD    CELL   AT. NO.             COORD.(A)
  13     5    0  0  0    1       4.0706   -2.9659    0.5773
  14    29    0  0  0    8       3.5183   -3.5182   -0.0240
  15     7    0 -1  0    1       2.9659   -4.0706    0.5773

 MOLECULAR FRAGMENT N.    6
 REFERENCE ATOM:    6 IN CELL  0 0 0  COORDINATES   -2.966  -2.966   0.577
 FRAGMENT COMPOSITION:
  SEQ.  NO. 
  NEW   OLD    CELL   AT. NO.             COORD.(A)
  16     6    0  0  0    1      -2.9659   -2.9659    0.5773
  17    30    0  0  0    8      -3.5183   -3.5182   -0.0240
  18     8    0 -1  0    1      -4.0706   -4.0706    0.5773

 MOLECULAR FRAGMENT N.    7
 REFERENCE ATOM:   13 IN CELL  0 0 0  COORDINATES    2.311   1.207  -1.085
 FRAGMENT COMPOSITION:
  SEQ.  NO. 
  NEW   OLD    CELL   AT. NO.             COORD.(A)
  19    13    0  0  0    1       2.3115    1.2068   -1.0854
  20    31    0  0 -1    8       1.7591    1.7591   -1.6868
  21    19    0  0  0    1       1.2068    2.3115   -1.0854

 MOLECULAR FRAGMENT N.    8
 REFERENCE ATOM:   14 IN CELL  0 0 0  COORDINATES   -4.725   1.207  -1.085
 FRAGMENT COMPOSITION:
  SEQ.  NO. 
  NEW   OLD    CELL   AT. NO.             COORD.(A)
  22    14    0  0  0    1      -4.7251    1.2068   -1.0854
  23    32    0  0 -1    8      -5.2774    1.7591   -1.6868
  24    20   -1  0  0    1      -5.8298    2.3114   -1.0854

 MOLECULAR FRAGMENT N.    9
 REFERENCE ATOM:   15 IN CELL  0 0 0  COORDINATES   -1.207   1.207  -1.085
 FRAGMENT COMPOSITION:
  SEQ.  NO. 
  NEW   OLD    CELL   AT. NO.             COORD.(A)
  25    15    0  0  0    1      -1.2068    1.2068   -1.0854
  26    33    0  0 -1    8      -1.7591    1.7591   -1.6868
  27    21    0  0  0    1      -2.3115    2.3115   -1.0854

 MOLECULAR FRAGMENT N.   10
 REFERENCE ATOM:   16 IN CELL  0 0 0  COORDINATES    2.311  -2.311  -1.085
 FRAGMENT COMPOSITION:
  SEQ.  NO. 
  NEW   OLD    CELL   AT. NO.             COORD.(A)
  28    16    0  0  0    1       2.3115   -2.3115   -1.0854
  29    34    0  0 -1    8       1.7591   -1.7591   -1.6868
  30    22    0  0  0    1       1.2068   -1.2068   -1.0854

 MOLECULAR FRAGMENT N.   11
 REFERENCE ATOM:   17 IN CELL  0 0 0  COORDINATES   -4.725  -2.311  -1.085
 FRAGMENT COMPOSITION:
  SEQ.  NO. 
  NEW   OLD    CELL   AT. NO.             COORD.(A)
  31    17    0  0  0    1      -4.7251   -2.3115   -1.0854
  32    35    0  0 -1    8      -5.2774   -1.7591   -1.6868
  33    23   -1  0  0    1      -5.8298   -1.2068   -1.0854

 MOLECULAR FRAGMENT N.   12
 REFERENCE ATOM:   18 IN CELL  0 0 0  COORDINATES   -1.207  -2.311  -1.085
 FRAGMENT COMPOSITION:
  SEQ.  NO. 
  NEW   OLD    CELL   AT. NO.             COORD.(A)
  34    18    0  0  0    1      -1.2068   -2.3115   -1.0854
  35    36    0  0 -1    8      -1.7591   -1.7591   -1.6868
  36    24    0  0  0    1      -2.3115   -1.2068   -1.0854

 *******************************************************************************


 GCALCO - MAX INDICES DIRECT LATTICE VECTOR     8    13    28
 NO.OF VECTORS CREATED 6999 STARS 3475 RMAX   140.46240 BOHR

 GEOMETRY FOR WAVE FUNCTION - DIMENSIONALITY OF THE SYSTEM    3
 (NON PERIODIC DIRECTION: LATTICE PARAMETER FORMALLY SET TO 500)
 *******************************************************************************
 LATTICE PARAMETERS (ANGSTROMS AND DEGREES) - BOHR = 0.5291772083 ANGSTROM
 PRIMITIVE CELL - CENTRING CODE 1/0 VOLUME=   246.984348 - DENSITY  1.453 g/cm^3
         A              B              C           ALPHA      BETA       GAMMA 
    10.55486965     7.03647757     3.32553291    90.000002  89.999998  89.999936
 *******************************************************************************
 ATOMS IN THE ASYMMETRIC UNIT   36 - ATOMS IN THE UNIT CELL:   36
     ATOM                 X/A                 Y/B                 Z/C    
 *******************************************************************************
      1 T   1 H     5.233129858971E-02  7.849653065205E-02  1.736101955175E-01
      2 T   8 O     0.000000000000E+00  2.654098807398E-08 -7.221221923828E-03
      3 T   1 H    -5.233126878738E-02 -7.849651575089E-02  1.736101508141E-01
      4 T   1 H     3.856646418571E-01  7.849653065205E-02  1.736101955175E-01
      5 T   8 O     3.333333134651E-01  2.654098807398E-08 -7.221221923828E-03
      6 T   1 H     2.810020446777E-01 -7.849651575089E-02  1.736101508141E-01
      7 T   1 H    -2.810020446777E-01  7.849653065205E-02  1.736101955175E-01
      8 T   8 O    -3.333333730698E-01  2.654098807398E-08 -7.221221923828E-03
      9 T   1 H    -3.856646418571E-01 -7.849651575089E-02  1.736101508141E-01
     10 T   1 H     5.233129858971E-02 -4.215034842491E-01  1.736101955175E-01
     11 T   8 O     0.000000000000E+00  5.000000000000E-01 -7.221221923828E-03
     12 T   1 H    -5.233126878738E-02  4.215034842491E-01  1.736101508141E-01
     13 T   1 H     3.856646418571E-01 -4.215034842491E-01  1.736101955175E-01
     14 T   8 O     3.333333134651E-01  5.000000000000E-01 -7.221221923828E-03
     15 T   1 H     2.810020446777E-01  4.215034842491E-01  1.736101508141E-01
     16 T   1 H    -2.810020446777E-01 -4.215034842491E-01  1.736101955175E-01
     17 T   8 O    -3.333333730698E-01  5.000000000000E-01 -7.221221923828E-03
     18 T   1 H    -3.856646418571E-01  4.215034842491E-01  1.736101508141E-01
     19 T   1 H     2.189974933863E-01  1.715041995049E-01 -3.263882398605E-01
     20 T   8 O     1.666666567326E-01  2.500000000000E-01  4.927774667740E-01
     21 T   1 H     1.143358722329E-01  3.284957706928E-01 -3.263884186745E-01
     22 T   1 H    -4.476692080498E-01  1.715041995049E-01 -3.263882398605E-01
     23 T   8 O     5.000000000000E-01  2.500000000000E-01  4.927774667740E-01
     24 T   1 H     4.476692080498E-01  3.284957706928E-01 -3.263884186745E-01
     25 T   1 H    -1.143358349800E-01  1.715041995049E-01 -3.263882398605E-01
     26 T   8 O    -1.666666865349E-01  2.500000000000E-01  4.927774667740E-01
     27 T   1 H    -2.189974784851E-01  3.284957706928E-01 -3.263884186745E-01
     28 T   1 H     2.189974933863E-01 -3.284958004951E-01 -3.263882398605E-01
     29 T   8 O     1.666666567326E-01 -2.500000000000E-01  4.927774667740E-01
     30 T   1 H     1.143358722329E-01 -1.715042591095E-01 -3.263884186745E-01
     31 T   1 H    -4.476692080498E-01 -3.284958004951E-01 -3.263882398605E-01
     32 T   8 O     5.000000000000E-01 -2.500000000000E-01  4.927774667740E-01
     33 T   1 H     4.476692080498E-01 -1.715042591095E-01 -3.263884186745E-01
     34 T   1 H    -1.143358349800E-01 -3.284958004951E-01 -3.263882398605E-01
     35 T   8 O    -1.666666865349E-01 -2.500000000000E-01  4.927774667740E-01
     36 T   1 H    -2.189974784851E-01 -1.715042591095E-01 -3.263884186745E-01

 T = ATOM BELONGING TO THE ASYMMETRIC UNIT

 ****    1 SYMMOPS - TRANSLATORS IN FRACTIONAL UNITS
 **** MATRICES AND TRANSLATORS IN THE CRYSTALLOGRAPHIC REFERENCE FRAME
   V INV                    ROTATION MATRICES                   TRANSLATORS
   1   1  1.00 -0.00  0.00  0.00  1.00  0.00  0.00 -0.00  1.00  0.00  0.00  0.00

 DIRECT LATTICE VECTORS CARTESIAN COMPONENTS (ANGSTROM)
          X                    Y                    Z
   0.105548696518E+02   0.117962090959E-04   0.000000000000E+00
   0.000000000000E+00   0.703647756577E+01   0.000000000000E+00
   0.116150201361E-06  -0.118893852267E-06   0.332553291321E+01


 CARTESIAN COORDINATES - PRIMITIVE CELL
 *******************************************************************************
 *      ATOM          X(ANGSTROM)         Y(ANGSTROM)         Z(ANGSTROM)
 *******************************************************************************
    1     1 H     5.523500554880E-01  5.523396735933E-01  5.773464192621E-01
    2     8 O    -8.387463805241E-10  1.876136260484E-07 -2.401441118127E-02
    3     1 H    -5.523497005987E-01 -5.523396100236E-01  5.773462705991E-01
    4     1 H     4.070640044270E+00  5.523436056631E-01  5.773464192621E-01
    5     8 O     3.518289673384E+00  4.119683090316E-06 -2.401441118127E-02
    6     1 H     2.965939973624E+00 -5.523356779542E-01  5.773462705991E-01
    7     1 H    -2.965939933294E+00  5.523357415235E-01  5.773464192621E-01
    8     8 O    -3.518290304181E+00 -3.744456541328E-06 -2.401441118127E-02
    9     1 H    -4.070640003941E+00 -5.523435420938E-01  5.773462705991E-01
   10     1 H     5.523500554880E-01 -2.965899214141E+00  5.773464192621E-01
   11     8 O    -8.387463805241E-10 -3.518238782024E+00 -2.401441118127E-02
   12     1 H    -5.523497005987E-01 -4.070578392906E+00  5.773462705991E-01
   13     1 H     4.070640044270E+00 -2.965895282071E+00  5.773464192621E-01
   14     8 O     3.518289673384E+00 -3.518234849955E+00 -2.401441118127E-02
   15     1 H     2.965939973624E+00 -4.070574460837E+00  5.773462705991E-01
   16     1 H    -2.965939933294E+00 -2.965903146211E+00  5.773464192621E-01
   17     8 O    -3.518290304181E+00 -3.518242714094E+00 -2.401441118127E-02
   18     1 H    -4.070640003941E+00 -4.070582324976E+00  5.773462705991E-01
   19     1 H     2.311489958850E+00  1.206788074396E+00 -1.085414834140E+00
   20     8 O     1.759144778197E+00  1.759121417782E+00 -1.686785228564E+00
   21     1 H     1.206800190032E+00  2.311454508464E+00 -1.085415428792E+00
   22     1 H    -4.725090175995E+00  1.206780210256E+00 -1.085414834140E+00
   23     8 O    -5.277434884808E+00  1.759113553642E+00 -1.686785228564E+00
   24     1 H    -5.829779551613E+00  2.311446644325E+00 -1.085415428792E+00
   25     1 H    -1.206799872652E+00  1.206784142327E+00 -1.085414834140E+00
   26     8 O    -1.759145210585E+00  1.759117485712E+00 -1.686785228564E+00
   27     1 H    -2.311489877391E+00  2.311450576394E+00 -1.085415428792E+00
   28     1 H     2.311489958850E+00 -2.311450708486E+00 -1.085414834140E+00
   29     8 O     1.759144778197E+00 -1.759117365101E+00 -1.686785228564E+00
   30     1 H     1.206800190032E+00 -1.206784484122E+00 -1.085415428792E+00
   31     1 H    -4.725090175995E+00 -2.311458572626E+00 -1.085414834140E+00
   32     8 O    -5.277434884808E+00 -1.759125229240E+00 -1.686785228564E+00
   33     1 H    -5.829779551613E+00 -1.206792348261E+00 -1.085415428792E+00
   34     1 H    -1.206799872652E+00 -2.311454640556E+00 -1.085414834140E+00
   35     8 O    -1.759145210585E+00 -1.759121297171E+00 -1.686785228564E+00
   36     1 H    -2.311489877391E+00 -1.206788416192E+00 -1.085415428792E+00

 *******************************************************************************
 LOCAL ATOMIC FUNCTIONS BASIS SET
 *******************************************************************************
   ATOM   X(AU)   Y(AU)   Z(AU)  N. TYPE  EXPONENT  S COEF   P COEF   D/F/G COEF
 *******************************************************************************
   1 H    1.044   1.044   1.091
                                  1 S  
                                         1.907E+02 7.082E-04 0.000E+00 0.000E+00
                                         2.861E+01 5.468E-03 0.000E+00 0.000E+00
                                         6.510E+00 2.797E-02 0.000E+00 0.000E+00
                                         1.841E+00 1.076E-01 0.000E+00 0.000E+00
                                  2 S  
                                         5.985E-01 1.000E+00 0.000E+00 0.000E+00
                                  3 S  
                                         2.140E-01 1.000E+00 0.000E+00 0.000E+00
                                  4 S  
                                         8.032E-02 1.000E+00 0.000E+00 0.000E+00
                           5-     7 P  
                                         2.292E+00 0.000E+00 1.000E+00 0.000E+00
                           8-    10 P  
                                         8.380E-01 0.000E+00 1.000E+00 0.000E+00
                          11-    13 P  
                                         2.920E-01 0.000E+00 1.000E+00 0.000E+00
                          14-    18 D  
                                         2.062E+00 0.000E+00 0.000E+00 1.000E+00
                          19-    23 D  
                                         6.620E-01 0.000E+00 0.000E+00 1.000E+00
                          24-    30 F  
                                         1.397E+00 0.000E+00 0.000E+00 1.000E+00
   2 O   -0.000   0.000  -0.045
                                 31 S  
                                         1.165E+05 4.038E-05 0.000E+00 0.000E+00
                                         1.750E+04 3.126E-04 0.000E+00 0.000E+00
                                         3.993E+03 1.634E-03 0.000E+00 0.000E+00
                                         1.133E+03 6.828E-03 0.000E+00 0.000E+00
                                         3.700E+02 2.412E-02 0.000E+00 0.000E+00
                                         1.336E+02 7.273E-02 0.000E+00 0.000E+00
                                         5.204E+01 1.793E-01 0.000E+00 0.000E+00
                                         2.146E+01 3.306E-01 0.000E+00 0.000E+00
                                 32 S  
                                         8.984E+01 9.647E-02 0.000E+00 0.000E+00
                                         2.643E+01 9.412E-01 0.000E+00 0.000E+00
                                 33 S  
                                         9.282E+00 1.000E+00 0.000E+00 0.000E+00
                                 34 S  
                                         4.095E+00 1.000E+00 0.000E+00 0.000E+00
                                 35 S  
                                         1.326E+00 1.000E+00 0.000E+00 0.000E+00
                                 36 S  
                                         5.188E-01 1.000E+00 0.000E+00 0.000E+00
                                 37 S  
                                         1.977E-01 1.000E+00 0.000E+00 0.000E+00
                          38-    40 P  
                                         1.912E+02 0.000E+00 2.512E-03 0.000E+00
                                         4.523E+01 0.000E+00 2.004E-02 0.000E+00
                                         1.435E+01 0.000E+00 9.361E-02 0.000E+00
                                         5.242E+00 0.000E+00 3.062E-01 0.000E+00
                                         2.079E+00 0.000E+00 6.781E-01 0.000E+00
                          41-    43 P  
                                         8.428E-01 0.000E+00 1.000E+00 0.000E+00
                          44-    46 P  
                                         3.362E-01 0.000E+00 1.000E+00 0.000E+00
                          47-    49 P  
                                         1.286E-01 0.000E+00 1.000E+00 0.000E+00
                          50-    54 D  
                                         3.775E+00 0.000E+00 0.000E+00 1.000E+00
                          55-    59 D  
                                         1.300E+00 0.000E+00 0.000E+00 1.000E+00
                          60-    64 D  
                                         4.440E-01 0.000E+00 0.000E+00 1.000E+00
                          65-    71 F  
                                         2.666E+00 0.000E+00 0.000E+00 1.000E+00
                          72-    78 F  
                                         8.590E-01 0.000E+00 0.000E+00 1.000E+00
   3 H   -1.044  -1.044   1.091
   4 H    7.692   1.044   1.091
   5 O    6.649   0.000  -0.045
   6 H    5.605  -1.044   1.091
   7 H   -5.605   1.044   1.091
   8 O   -6.649  -0.000  -0.045
   9 H   -7.692  -1.044   1.091
  10 H    1.044  -5.605   1.091
  11 O   -0.000  -6.649  -0.045
  12 H   -1.044  -7.692   1.091
  13 H    7.692  -5.605   1.091
  14 O    6.649  -6.649  -0.045
  15 H    5.605  -7.692   1.091
  16 H   -5.605  -5.605   1.091
  17 O   -6.649  -6.649  -0.045
  18 H   -7.692  -7.692   1.091
  19 H    4.368   2.280  -2.051
  20 O    3.324   3.324  -3.188
  21 H    2.281   4.368  -2.051
  22 H   -8.929   2.280  -2.051
  23 O   -9.973   3.324  -3.188
  24 H  -11.017   4.368  -2.051
  25 H   -2.281   2.280  -2.051
  26 O   -3.324   3.324  -3.188
  27 H   -4.368   4.368  -2.051
  28 H    4.368  -4.368  -2.051
  29 O    3.324  -3.324  -3.188
  30 H    2.281  -2.280  -2.051
  31 H   -8.929  -4.368  -2.051
  32 O   -9.973  -3.324  -3.188
  33 H  -11.017  -2.281  -2.051
  34 H   -2.281  -4.368  -2.051
  35 O   -3.324  -3.324  -3.188
  36 H   -4.368  -2.280  -2.051
 INFORMATION **** SET_MPP **** PCRYSTAL CALCULATION
 INFORMATION **** READM2 **** NEW DEFAULT: FOCK/KS MATRIX MIXING SET TO 30 %
 INFORMATION **** READM2 **** NEW DEFAULT: FULL DIRECT SCF MODE
 INFORMATION **** READM2 **** NEW DEFAULT: COULOMB BIPOLAR BUFFER SET TO 32 Mb
 INFORMATION **** READM2 **** NEW DEFAULT: EXCHANGE BIPOLAR BUFFER SET TO 32 Mb

 *******************************************************************************
 NEW DEFAULT: DFT INTEGRATION GRID INCREASED TO XLGRID
 NEW DEFAULT: DIIS ACCELERATOR ACTIVE
 USE KEYWORD NODIIS TO TURN IT OFF
 *******************************************************************************

 INFORMATION **** TOLINTEG **** COULOMB AND EXCHANGE SERIES TOLERANCES MODIFIED
 *******************************************************************************
 N. OF ATOMS PER CELL        36  COULOMB OVERLAP TOL         (T1) 10**   -6
 NUMBER OF SHELLS           432  COULOMB PENETRATION TOL     (T2) 10**   -6
 NUMBER OF AO              1296  EXCHANGE OVERLAP TOL        (T3) 10**   20
 N. OF ELECTRONS PER CELL   120  EXCHANGE PSEUDO OVP (F(G))  (T4) 10**   20
 CORE ELECTRONS PER CELL     24  EXCHANGE PSEUDO OVP (P(G))  (T5) 10**   20
 N. OF SYMMETRY OPERATORS     1  POLE ORDER IN MONO ZONE                  4
 *******************************************************************************
 TYPE OF CALCULATION :  RESTRICTED CLOSED SHELL
 KOHN-SHAM HAMILTONIAN

 (EXCHANGE)[CORRELATION] FUNCTIONAL:(PERDEW-BURKE-ERNZERHOF)[PERDEW-BURKE-ERNZERHOF]


 CAPPA:IS1  8;IS2  8;IS3  8; K PTS MONK NET 260; SYMMOPS:K SPACE   2;G SPACE   1

 *******************************************************************************
 MAX NUMBER OF SCF CYCLES      50  CONVERGENCE ON DELTAP        10**-16
 WEIGHT OF F(I) IN F(I+1)      30% CONVERGENCE ON ENERGY        10**- 6
 SHRINK. FACT.(MONKH.)    8  8  8  NUMBER OF K POINTS IN THE IBZ    260
 SHRINKING FACTOR(GILAT NET)    8  NUMBER OF K POINTS(GILAT NET)    260
 *******************************************************************************
 *** K POINTS COORDINATES (OBLIQUE COORDINATES IN UNITS OF IS =  8)
   1-R(  0  0  0)   2-C(  1  0  0)   3-C(  2  0  0)   4-C(  3  0  0)
   5-R(  4  0  0)   6-C(  0  1  0)   7-C(  1  1  0)   8-C(  2  1  0)
   9-C(  3  1  0)  10-C(  4  1  0)  11-C(  5  1  0)  12-C(  6  1  0)
  13-C(  7  1  0)  14-C(  0  2  0)  15-C(  1  2  0)  16-C(  2  2  0)
  17-C(  3  2  0)  18-C(  4  2  0)  19-C(  5  2  0)  20-C(  6  2  0)
  21-C(  7  2  0)  22-C(  0  3  0)  23-C(  1  3  0)  24-C(  2  3  0)
  25-C(  3  3  0)  26-C(  4  3  0)  27-C(  5  3  0)  28-C(  6  3  0)
  29-C(  7  3  0)  30-R(  0  4  0)  31-C(  1  4  0)  32-C(  2  4  0)
  33-C(  3  4  0)  34-R(  4  4  0)  35-C(  0  0  1)  36-C(  1  0  1)
  37-C(  2  0  1)  38-C(  3  0  1)  39-C(  4  0  1)  40-C(  5  0  1)
  41-C(  6  0  1)  42-C(  7  0  1)  43-C(  0  1  1)  44-C(  1  1  1)
  45-C(  2  1  1)  46-C(  3  1  1)  47-C(  4  1  1)  48-C(  5  1  1)
  49-C(  6  1  1)  50-C(  7  1  1)  51-C(  0  2  1)  52-C(  1  2  1)
  53-C(  2  2  1)  54-C(  3  2  1)  55-C(  4  2  1)  56-C(  5  2  1)
  57-C(  6  2  1)  58-C(  7  2  1)  59-C(  0  3  1)  60-C(  1  3  1)
  61-C(  2  3  1)  62-C(  3  3  1)  63-C(  4  3  1)  64-C(  5  3  1)
  65-C(  6  3  1)  66-C(  7  3  1)  67-C(  0  4  1)  68-C(  1  4  1)
  69-C(  2  4  1)  70-C(  3  4  1)  71-C(  4  4  1)  72-C(  5  4  1)
  73-C(  6  4  1)  74-C(  7  4  1)  75-C(  0  5  1)  76-C(  1  5  1)
  77-C(  2  5  1)  78-C(  3  5  1)  79-C(  4  5  1)  80-C(  5  5  1)
  81-C(  6  5  1)  82-C(  7  5  1)  83-C(  0  6  1)  84-C(  1  6  1)
  85-C(  2  6  1)  86-C(  3  6  1)  87-C(  4  6  1)  88-C(  5  6  1)
  89-C(  6  6  1)  90-C(  7  6  1)  91-C(  0  7  1)  92-C(  1  7  1)
  93-C(  2  7  1)  94-C(  3  7  1)  95-C(  4  7  1)  96-C(  5  7  1)
  97-C(  6  7  1)  98-C(  7  7  1)  99-C(  0  0  2) 100-C(  1  0  2)
 101-C(  2  0  2) 102-C(  3  0  2) 103-C(  4  0  2) 104-C(  5  0  2)
 105-C(  6  0  2) 106-C(  7  0  2) 107-C(  0  1  2) 108-C(  1  1  2)
 109-C(  2  1  2) 110-C(  3  1  2) 111-C(  4  1  2) 112-C(  5  1  2)
 113-C(  6  1  2) 114-C(  7  1  2) 115-C(  0  2  2) 116-C(  1  2  2)
 117-C(  2  2  2) 118-C(  3  2  2) 119-C(  4  2  2) 120-C(  5  2  2)
 121-C(  6  2  2) 122-C(  7  2  2) 123-C(  0  3  2) 124-C(  1  3  2)
 125-C(  2  3  2) 126-C(  3  3  2) 127-C(  4  3  2) 128-C(  5  3  2)
 129-C(  6  3  2) 130-C(  7  3  2) 131-C(  0  4  2) 132-C(  1  4  2)
 133-C(  2  4  2) 134-C(  3  4  2) 135-C(  4  4  2) 136-C(  5  4  2)
 137-C(  6  4  2) 138-C(  7  4  2) 139-C(  0  5  2) 140-C(  1  5  2)
 141-C(  2  5  2) 142-C(  3  5  2) 143-C(  4  5  2) 144-C(  5  5  2)
 145-C(  6  5  2) 146-C(  7  5  2) 147-C(  0  6  2) 148-C(  1  6  2)
 149-C(  2  6  2) 150-C(  3  6  2) 151-C(  4  6  2) 152-C(  5  6  2)
 153-C(  6  6  2) 154-C(  7  6  2) 155-C(  0  7  2) 156-C(  1  7  2)
 157-C(  2  7  2) 158-C(  3  7  2) 159-C(  4  7  2) 160-C(  5  7  2)
 161-C(  6  7  2) 162-C(  7  7  2) 163-C(  0  0  3) 164-C(  1  0  3)
 165-C(  2  0  3) 166-C(  3  0  3) 167-C(  4  0  3) 168-C(  5  0  3)
 169-C(  6  0  3) 170-C(  7  0  3) 171-C(  0  1  3) 172-C(  1  1  3)
 173-C(  2  1  3) 174-C(  3  1  3) 175-C(  4  1  3) 176-C(  5  1  3)
 177-C(  6  1  3) 178-C(  7  1  3) 179-C(  0  2  3) 180-C(  1  2  3)
 181-C(  2  2  3) 182-C(  3  2  3) 183-C(  4  2  3) 184-C(  5  2  3)
 185-C(  6  2  3) 186-C(  7  2  3) 187-C(  0  3  3) 188-C(  1  3  3)
 189-C(  2  3  3) 190-C(  3  3  3) 191-C(  4  3  3) 192-C(  5  3  3)
 193-C(  6  3  3) 194-C(  7  3  3) 195-C(  0  4  3) 196-C(  1  4  3)
 197-C(  2  4  3) 198-C(  3  4  3) 199-C(  4  4  3) 200-C(  5  4  3)
 201-C(  6  4  3) 202-C(  7  4  3) 203-C(  0  5  3) 204-C(  1  5  3)
 205-C(  2  5  3) 206-C(  3  5  3) 207-C(  4  5  3) 208-C(  5  5  3)
 209-C(  6  5  3) 210-C(  7  5  3) 211-C(  0  6  3) 212-C(  1  6  3)
 213-C(  2  6  3) 214-C(  3  6  3) 215-C(  4  6  3) 216-C(  5  6  3)
 217-C(  6  6  3) 218-C(  7  6  3) 219-C(  0  7  3) 220-C(  1  7  3)
 221-C(  2  7  3) 222-C(  3  7  3) 223-C(  4  7  3) 224-C(  5  7  3)
 225-C(  6  7  3) 226-C(  7  7  3) 227-R(  0  0  4) 228-C(  1  0  4)
 229-C(  2  0  4) 230-C(  3  0  4) 231-R(  4  0  4) 232-C(  0  1  4)
 233-C(  1  1  4) 234-C(  2  1  4) 235-C(  3  1  4) 236-C(  4  1  4)
 237-C(  5  1  4) 238-C(  6  1  4) 239-C(  7  1  4) 240-C(  0  2  4)
 241-C(  1  2  4) 242-C(  2  2  4) 243-C(  3  2  4) 244-C(  4  2  4)
 245-C(  5  2  4) 246-C(  6  2  4) 247-C(  7  2  4) 248-C(  0  3  4)
 249-C(  1  3  4) 250-C(  2  3  4) 251-C(  3  3  4) 252-C(  4  3  4)
 253-C(  5  3  4) 254-C(  6  3  4) 255-C(  7  3  4) 256-R(  0  4  4)
 257-C(  1  4  4) 258-C(  2  4  4) 259-C(  3  4  4) 260-R(  4  4  4)

 DIRECT LATTICE VECTORS COMPON. (A.U.)     RECIP. LATTICE VECTORS COMPON. (A.U.) 
        X            Y            Z              X            Y            Z
   19.9458130    0.0000223    0.0000000      0.3150127    0.0000000   -0.0000000
    0.0000000   13.2970155    0.0000000     -0.0000005    0.4725260    0.0000000
    0.0000002   -0.0000002    6.2843465      0.0000000    0.0000000    0.9998152

 DISK SPACE FOR EIGENVECTORS (FTN 10)   859963392 REALS

 SYMMETRY ADAPTION OF THE BLOCH FUNCTIONS DISABLED
 TTTTTTTTTTTTTTTTTTTTTTTTTTTTTT gordsh1     TELAPSE        0.20 TCPU        0.08

 MATRIX SIZE: P(G) 1472616, F(G)  737592, P(G) IRR  740952, F(G) IRR  740952
 MAX G-VECTOR INDEX FOR 1- AND 2-ELECTRON INTEGRALS 117

 TTTTTTTTTTTTTTTTTTTTTTTTTTTTTT INPUT       TELAPSE        0.76 TCPU        0.64

 NEIGHBORS OF THE NON-EQUIVALENT ATOMS

 N = NUMBER OF NEIGHBORS AT DISTANCE R
    ATOM  N     R/ANG      R/AU   NEIGHBORS (ATOM LABELS AND CELL INDICES)
   1 H    1     0.9858     1.8629    2 O    0 0 0
   1 H    1     1.5623     2.9523    3 H    0 0 0
   1 H    1     2.0098     3.7979   20 O    0 0 1
   1 H    1     2.5075     4.7385   21 H    0 0 0
   1 H    1     2.5075     4.7385   21 H    0 0 1
   1 H    1     2.5075     4.7385   30 H    0 0 0

   2 O    1     0.9858     1.8629    3 H    0 0 0
   2 O    1     0.9858     1.8629    1 H    0 0 0
   2 O    1     2.0098     3.7980   25 H    0 0 0
   2 O    1     2.0098     3.7980   30 H    0 0 0
   2 O    1     2.8153     5.3201   21 H    0 0 0
   2 O    1     2.8153     5.3201   34 H    0 0 0

   3 H    1     0.9858     1.8629    2 O    0 0 0
   3 H    1     1.5623     2.9523    1 H    0 0 0
   3 H    1     2.0098     3.7980   35 O    0 0 1
   3 H    1     2.5075     4.7385   34 H    0 0 0
   3 H    1     2.5075     4.7385   25 H    0 0 0
   3 H    1     2.5075     4.7385   34 H    0 0 1

   4 H    1     0.9858     1.8629    5 O    0 0 0
   4 H    1     1.5623     2.9523    6 H    0 0 0
   4 H    1     2.0098     3.7979   23 O    1 0 1
   4 H    1     2.5075     4.7385   24 H    1 0 0
   4 H    1     2.5075     4.7385   24 H    1 0 1
   4 H    1     2.5075     4.7385   33 H    1 0 0

   5 O    1     0.9858     1.8629    6 H    0 0 0
   5 O    1     0.9858     1.8629    4 H    0 0 0
   5 O    1     2.0098     3.7980   19 H    0 0 0
   5 O    1     2.0098     3.7980   33 H    1 0 0
   5 O    1     2.8153     5.3201   28 H    0 0 0
   5 O    1     2.8153     5.3201   24 H    1 0 0

   6 H    1     0.9858     1.8629    5 O    0 0 0
   6 H    1     1.5623     2.9523    4 H    0 0 0
   6 H    1     2.0098     3.7979   29 O    0 0 1
   6 H    1     2.5075     4.7385   28 H    0 0 0
   6 H    1     2.5075     4.7385   19 H    0 0 0
   6 H    1     2.5075     4.7385   28 H    0 0 1

   7 H    1     0.9858     1.8629    8 O    0 0 0
   7 H    1     1.5623     2.9523    9 H    0 0 0
   7 H    1     2.0098     3.7979   26 O    0 0 1
   7 H    1     2.5075     4.7385   27 H    0 0 0
   7 H    1     2.5075     4.7385   27 H    0 0 1
   7 H    1     2.5075     4.7385   36 H    0 0 0

   8 O    1     0.9858     1.8629    9 H    0 0 0
   8 O    1     0.9858     1.8629    7 H    0 0 0
   8 O    1     2.0098     3.7980   22 H    0 0 0
   8 O    1     2.0098     3.7980   36 H    0 0 0
   8 O    1     2.8153     5.3201   31 H    0 0 0
   8 O    1     2.8153     5.3201   27 H    0 0 0

   9 H    1     0.9858     1.8629    8 O    0 0 0
   9 H    1     1.5623     2.9523    7 H    0 0 0
   9 H    1     2.0098     3.7979   32 O    0 0 1
   9 H    1     2.5075     4.7385   31 H    0 0 0
   9 H    1     2.5075     4.7385   22 H    0 0 0
   9 H    1     2.5075     4.7385   31 H    0 0 1

  10 H    1     0.9858     1.8629   11 O    0 0 0
  10 H    1     1.5623     2.9523   12 H    0 0 0
  10 H    1     2.0098     3.7979   29 O    0 0 1
  10 H    1     2.5075     4.7385   30 H    0 0 0
  10 H    1     2.5075     4.7385   30 H    0 0 1
  10 H    1     2.5075     4.7385   21 H    0-1 0

  11 O    1     0.9858     1.8629   12 H    0 0 0
  11 O    1     0.9858     1.8629   10 H    0 0 0
  11 O    1     2.0098     3.7980   34 H    0 0 0
  11 O    1     2.0098     3.7980   21 H    0-1 0
  11 O    1     2.8153     5.3201   25 H    0-1 0
  11 O    1     2.8153     5.3201   30 H    0 0 0

  12 H    1     0.9858     1.8629   11 O    0 0 0
  12 H    1     1.5623     2.9523   10 H    0 0 0
  12 H    1     2.0098     3.7980   26 O    0-1 1
  12 H    1     2.5075     4.7385   25 H    0-1 0
  12 H    1     2.5075     4.7385   34 H    0 0 0
  12 H    1     2.5075     4.7385   25 H    0-1 1

  13 H    1     0.9858     1.8629   14 O    0 0 0
  13 H    1     1.5623     2.9523   15 H    0 0 0
  13 H    1     2.0098     3.7979   32 O    1 0 1
  13 H    1     2.5075     4.7385   33 H    1 0 0
  13 H    1     2.5075     4.7385   33 H    1 0 1
  13 H    1     2.5075     4.7385   24 H    1-1 0

  14 O    1     0.9858     1.8629   15 H    0 0 0
  14 O    1     0.9858     1.8629   13 H    0 0 0
  14 O    1     2.0098     3.7980   28 H    0 0 0
  14 O    1     2.0098     3.7980   24 H    1-1 0
  14 O    1     2.8153     5.3201   19 H    0-1 0
  14 O    1     2.8153     5.3201   33 H    1 0 0

  15 H    1     0.9858     1.8629   14 O    0 0 0
  15 H    1     1.5623     2.9523   13 H    0 0 0
  15 H    1     2.0098     3.7979   20 O    0-1 1
  15 H    1     2.5075     4.7385   19 H    0-1 0
  15 H    1     2.5075     4.7385   28 H    0 0 0
  15 H    1     2.5075     4.7385   19 H    0-1 1

  16 H    1     0.9858     1.8629   17 O    0 0 0
  16 H    1     1.5623     2.9523   18 H    0 0 0
  16 H    1     2.0098     3.7979   35 O    0 0 1
  16 H    1     2.5075     4.7385   36 H    0 0 0
  16 H    1     2.5075     4.7385   36 H    0 0 1
  16 H    1     2.5075     4.7385   27 H    0-1 0

  17 O    1     0.9858     1.8629   18 H    0 0 0
  17 O    1     0.9858     1.8629   16 H    0 0 0
  17 O    1     2.0098     3.7980   31 H    0 0 0
  17 O    1     2.0098     3.7980   27 H    0-1 0
  17 O    1     2.8153     5.3201   22 H    0-1 0
  17 O    1     2.8153     5.3201   36 H    0 0 0

  18 H    1     0.9858     1.8629   17 O    0 0 0
  18 H    1     1.5623     2.9523   16 H    0 0 0
  18 H    1     2.0098     3.7979   23 O    0-1 1
  18 H    1     2.5075     4.7385   22 H    0-1 0
  18 H    1     2.5075     4.7385   31 H    0 0 0
  18 H    1     2.5075     4.7385   22 H    0-1 1

  19 H    1     0.9858     1.8629   20 O    0 0 0
  19 H    1     1.5623     2.9522   21 H    0 0 0
  19 H    1     2.0098     3.7980    5 O    0 0 0
  19 H    1     2.5075     4.7385   15 H    0 1 0
  19 H    1     2.5075     4.7385    6 H    0 0 0
  19 H    1     2.5075     4.7385   15 H    0 1-1

  20 O    1     0.9858     1.8629   21 H    0 0 0
  20 O    1     0.9858     1.8629   19 H    0 0 0
  20 O    1     2.0098     3.7979    1 H    0 0-1
  20 O    1     2.0098     3.7979   15 H    0 1-1
  20 O    1     2.8153     5.3201   10 H    0 1-1
  20 O    1     2.8153     5.3201    6 H    0 0-1

  21 H    1     0.9858     1.8629   20 O    0 0 0
  21 H    1     1.5623     2.9522   19 H    0 0 0
  21 H    1     2.0098     3.7980   11 O    0 1 0
  21 H    1     2.5075     4.7385    1 H    0 0 0
  21 H    1     2.5075     4.7385    1 H    0 0-1
  21 H    1     2.5075     4.7385   10 H    0 1 0

  22 H    1     0.9858     1.8629   23 O    0 0 0
  22 H    1     1.5623     2.9522   24 H    0 0 0
  22 H    1     2.0098     3.7980    8 O    0 0 0
  22 H    1     2.5075     4.7385   18 H    0 1 0
  22 H    1     2.5075     4.7385    9 H    0 0 0
  22 H    1     2.5075     4.7385   18 H    0 1-1

  23 O    1     0.9858     1.8629   24 H    0 0 0
  23 O    1     0.9858     1.8629   22 H    0 0 0
  23 O    1     2.0098     3.7979    4 H   -1 0-1
  23 O    1     2.0098     3.7979   18 H    0 1-1
  23 O    1     2.8153     5.3201    9 H    0 0-1
  23 O    1     2.8153     5.3201   13 H   -1 1-1

  24 H    1     0.9858     1.8629   23 O    0 0 0
  24 H    1     1.5623     2.9522   22 H    0 0 0
  24 H    1     2.0098     3.7980   14 O   -1 1 0
  24 H    1     2.5075     4.7385    4 H   -1 0 0
  24 H    1     2.5075     4.7385    4 H   -1 0-1
  24 H    1     2.5075     4.7385   13 H   -1 1 0

  25 H    1     0.9858     1.8629   26 O    0 0 0
  25 H    1     1.5623     2.9522   27 H    0 0 0
  25 H    1     2.0098     3.7980    2 O    0 0 0
  25 H    1     2.5075     4.7385   12 H    0 1 0
  25 H    1     2.5075     4.7385    3 H    0 0 0
  25 H    1     2.5075     4.7385   12 H    0 1-1

  26 O    1     0.9858     1.8629   27 H    0 0 0
  26 O    1     0.9858     1.8629   25 H    0 0 0
  26 O    1     2.0098     3.7979    7 H    0 0-1
  26 O    1     2.0098     3.7980   12 H    0 1-1
  26 O    1     2.8153     5.3201   16 H    0 1-1
  26 O    1     2.8153     5.3201    3 H    0 0-1

  27 H    1     0.9858     1.8629   26 O    0 0 0
  27 H    1     1.5623     2.9522   25 H    0 0 0
  27 H    1     2.0098     3.7980   17 O    0 1 0
  27 H    1     2.5075     4.7385    7 H    0 0 0
  27 H    1     2.5075     4.7385    7 H    0 0-1
  27 H    1     2.5075     4.7385   16 H    0 1 0

  28 H    1     0.9858     1.8629   29 O    0 0 0
  28 H    1     1.5623     2.9522   30 H    0 0 0
  28 H    1     2.0098     3.7980   14 O    0 0 0
  28 H    1     2.5075     4.7385    6 H    0 0 0
  28 H    1     2.5075     4.7385   15 H    0 0 0
  28 H    1     2.5075     4.7385    6 H    0 0-1

  29 O    1     0.9858     1.8629   30 H    0 0 0
  29 O    1     0.9858     1.8629   28 H    0 0 0
  29 O    1     2.0098     3.7979   10 H    0 0-1
  29 O    1     2.0098     3.7979    6 H    0 0-1
  29 O    1     2.8153     5.3201    1 H    0 0-1
  29 O    1     2.8153     5.3201   15 H    0 0-1

  30 H    1     0.9858     1.8629   29 O    0 0 0
  30 H    1     1.5623     2.9522   28 H    0 0 0
  30 H    1     2.0098     3.7980    2 O    0 0 0
  30 H    1     2.5075     4.7385   10 H    0 0 0
  30 H    1     2.5075     4.7385   10 H    0 0-1
  30 H    1     2.5075     4.7385    1 H    0 0 0

  31 H    1     0.9858     1.8629   32 O    0 0 0
  31 H    1     1.5623     2.9522   33 H    0 0 0
  31 H    1     2.0098     3.7980   17 O    0 0 0
  31 H    1     2.5075     4.7385    9 H    0 0 0
  31 H    1     2.5075     4.7385   18 H    0 0 0
  31 H    1     2.5075     4.7385    9 H    0 0-1

  32 O    1     0.9858     1.8629   33 H    0 0 0
  32 O    1     0.9858     1.8629   31 H    0 0 0
  32 O    1     2.0098     3.7979   13 H   -1 0-1
  32 O    1     2.0098     3.7979    9 H    0 0-1
  32 O    1     2.8153     5.3201   18 H    0 0-1
  32 O    1     2.8153     5.3201    4 H   -1 0-1

  33 H    1     0.9858     1.8629   32 O    0 0 0
  33 H    1     1.5623     2.9522   31 H    0 0 0
  33 H    1     2.0098     3.7980    5 O   -1 0 0
  33 H    1     2.5075     4.7385   13 H   -1 0 0
  33 H    1     2.5075     4.7385   13 H   -1 0-1
  33 H    1     2.5075     4.7385    4 H   -1 0 0

  34 H    1     0.9858     1.8629   35 O    0 0 0
  34 H    1     1.5623     2.9522   36 H    0 0 0
  34 H    1     2.0098     3.7980   11 O    0 0 0
  34 H    1     2.5075     4.7385    3 H    0 0 0
  34 H    1     2.5075     4.7385   12 H    0 0 0
  34 H    1     2.5075     4.7385    3 H    0 0-1

  35 O    1     0.9858     1.8629   36 H    0 0 0
  35 O    1     0.9858     1.8629   34 H    0 0 0
  35 O    1     2.0098     3.7979   16 H    0 0-1
  35 O    1     2.0098     3.7980    3 H    0 0-1
  35 O    1     2.8153     5.3201    7 H    0 0-1
  35 O    1     2.8153     5.3201   12 H    0 0-1

  36 H    1     0.9858     1.8629   35 O    0 0 0
  36 H    1     1.5623     2.9522   34 H    0 0 0
  36 H    1     2.0098     3.7980    8 O    0 0 0
  36 H    1     2.5075     4.7385   16 H    0 0 0
  36 H    1     2.5075     4.7385   16 H    0 0-1
  36 H    1     2.5075     4.7385    7 H    0 0 0


 SYMMETRY ALLOWED INTERNAL DEGREE(S) OF FREEDOM: 105
 TTTTTTTTTTTTTTTTTTTTTTTTTTTTTT SYMM        TELAPSE        0.77 TCPU        0.65
 TTTTTTTTTTTTTTTTTTTTTTTTTTTTTT INT_SCREEN  TELAPSE        0.80 TCPU        0.67
 INFORMATION **** EXCBUF **** EXCH. BIPO BUFFER: WORDS USED =           0

 DFT PARAMETERS

     ATOM       ELECTRONS   NET CHARGE   R(ANGSTROM)
   1   1  H       1.0000      0.0000     1.11000000
   2   8  O       8.0000      0.0000     0.74000000

 SIZE OF GRID=     744156
 TTTTTTTTTTTTTTTTTTTTTTTTTTTTTT MAKE_GRID2  TELAPSE       40.06 TCPU       39.93
 BECKE WEIGHT FUNCTION
 RADSAFE =     2.00
 TOLERANCES - DENSITY:10**- 6; POTENTIAL:10**- 9; GRID WGT:10**-14

 RADIAL INTEGRATION  - INTERVALS (POINTS,UPPER LIMIT):            1( 75,  4.0*R)

 ANGULAR INTEGRATION - INTERVALS (ACCURACY LEVEL [N. POINTS] UPPER LIMIT):
  1(  4[  86]   0.2)  2(  8[ 194]   0.5)  3( 12[ 350]   0.9)  4( 16[ 974]   3.5)
  5( 12[ 350]9999.0)
 TTTTTTTTTTTTTTTTTTTTTTTTTTTTTT INT_CALC    TELAPSE       40.70 TCPU       40.57
 EEEEEEEEEE INT_CALC TERMINATION  DATE 06 07 2023 TIME 20:37:29.2

 *******************************************************************************
 def2-QZVP ice VII                                                               
 CRYSTAL - SCF - TYPE OF CALCULATION :  RESTRICTED CLOSED SHELL
 *******************************************************************************

 CAPPA:IS1  8;IS2  8;IS3  8; K PTS MONK NET 260; SYMMOPS:K SPACE   2;G SPACE   1

--------------------------------------------------------------------------
MPI_ABORT was invoked on rank 3 in communicator MPI_COMM_WORLD
with errorcode 1.

NOTE: invoking MPI_ABORT causes Open MPI to kill all MPI processes.
You may or may not see output from other processes, depending on
exactly when Open MPI kills them.
--------------------------------------------------------------------------
[node23:00911] 1 more process has sent help message help-mpi-api.txt / mpi-abort
[node23:00911] Set MCA parameter "orte_base_help_aggregate" to 0 to see all help / error messages
[warn] Epoll MOD(1) on fd 26 failed.  Old events were 6; read change was 0 (none); write change was 2 (del): Bad file descriptor
[warn] Epoll MOD(4) on fd 26 failed.  Old events were 6; read change was 2 (del); write change was 0 (none): Bad file descriptor
Thu 06 Jul 2023 08:37:38 PM CEST
total 74680
-rw-r--r-- 1 daga users        0 Jul  6 20:36 dffit3.dat
-rw-r--r-- 1 daga users        0 Jul  6 20:36 diis_err1.pe0
-rw-r--r-- 1 daga users        0 Jul  6 20:36 diis_err1.pe1
-rw-r--r-- 1 daga users        0 Jul  6 20:36 diis_err1.pe2
-rw-r--r-- 1 daga users        0 Jul  6 20:36 diis_err1.pe3
-rw-r--r-- 1 daga users        0 Jul  6 20:36 diis_err1.pe4
-rw-r--r-- 1 daga users        0 Jul  6 20:36 diis_err1.pe5
-rw-r--r-- 1 daga users        0 Jul  6 20:36 diis_err1.pe6
-rw-r--r-- 1 daga users        0 Jul  6 20:36 diis_err1.pe7
-rw-r--r-- 1 daga users        0 Jul  6 20:36 diis_err2.pe0
-rw-r--r-- 1 daga users        0 Jul  6 20:36 diis_err2.pe1
-rw-r--r-- 1 daga users        0 Jul  6 20:36 diis_err2.pe2
-rw-r--r-- 1 daga users        0 Jul  6 20:36 diis_err2.pe3
-rw-r--r-- 1 daga users        0 Jul  6 20:36 diis_err2.pe4
-rw-r--r-- 1 daga users        0 Jul  6 20:36 diis_err2.pe5
-rw-r--r-- 1 daga users        0 Jul  6 20:36 diis_err2.pe6
-rw-r--r-- 1 daga users        0 Jul  6 20:36 diis_err2.pe7
-rw-r--r-- 1 daga users        0 Jul  6 20:36 diis_Fg
-rw-r--r-- 1 daga users        0 Jul  6 20:36 diis_Sk.pe0
-rw-r--r-- 1 daga users        0 Jul  6 20:36 diis_Sk.pe1
-rw-r--r-- 1 daga users        0 Jul  6 20:36 diis_Sk.pe2
-rw-r--r-- 1 daga users        0 Jul  6 20:36 diis_Sk.pe3
-rw-r--r-- 1 daga users        0 Jul  6 20:36 diis_Sk.pe4
-rw-r--r-- 1 daga users        0 Jul  6 20:36 diis_Sk.pe5
-rw-r--r-- 1 daga users        0 Jul  6 20:36 diis_Sk.pe6
-rw-r--r-- 1 daga users        0 Jul  6 20:36 diis_Sk.pe7
-rw-r--r-- 1 daga users        0 Jul  6 20:36 fort.10.pe0
-rw-r--r-- 1 daga users        0 Jul  6 20:36 fort.10.pe1
-rw-r--r-- 1 daga users        0 Jul  6 20:36 fort.10.pe2
-rw-r--r-- 1 daga users        0 Jul  6 20:36 fort.10.pe3
-rw-r--r-- 1 daga users        0 Jul  6 20:36 fort.10.pe4
-rw-r--r-- 1 daga users        0 Jul  6 20:36 fort.10.pe5
-rw-r--r-- 1 daga users        0 Jul  6 20:36 fort.10.pe6
-rw-r--r-- 1 daga users        0 Jul  6 20:36 fort.10.pe7
-rw-r--r-- 1 daga users        0 Jul  6 20:36 fort.11.pe0
-rw-r--r-- 1 daga users        0 Jul  6 20:36 fort.11.pe1
-rw-r--r-- 1 daga users        0 Jul  6 20:36 fort.11.pe2
-rw-r--r-- 1 daga users        0 Jul  6 20:36 fort.11.pe3
-rw-r--r-- 1 daga users        0 Jul  6 20:36 fort.11.pe4
-rw-r--r-- 1 daga users        0 Jul  6 20:36 fort.11.pe5
-rw-r--r-- 1 daga users        0 Jul  6 20:36 fort.11.pe6
-rw-r--r-- 1 daga users        0 Jul  6 20:36 fort.11.pe7
-rw-r--r-- 1 daga users        0 Jul  6 20:36 fort.17.pe1
-rw-r--r-- 1 daga users        0 Jul  6 20:36 fort.17.pe2
-rw-r--r-- 1 daga users        0 Jul  6 20:36 fort.17.pe3
-rw-r--r-- 1 daga users        0 Jul  6 20:36 fort.17.pe4
-rw-r--r-- 1 daga users        0 Jul  6 20:36 fort.17.pe5
-rw-r--r-- 1 daga users        0 Jul  6 20:36 fort.17.pe6
-rw-r--r-- 1 daga users        0 Jul  6 20:36 fort.17.pe7
-rw-r--r-- 1 daga users        0 Jul  6 20:36 fort.18.pe0
-rw-r--r-- 1 daga users        0 Jul  6 20:36 fort.18.pe1
-rw-r--r-- 1 daga users        0 Jul  6 20:36 fort.18.pe2
-rw-r--r-- 1 daga users        0 Jul  6 20:36 fort.18.pe3
-rw-r--r-- 1 daga users        0 Jul  6 20:36 fort.18.pe4
-rw-r--r-- 1 daga users        0 Jul  6 20:36 fort.18.pe5
-rw-r--r-- 1 daga users        0 Jul  6 20:36 fort.18.pe6
-rw-r--r-- 1 daga users        0 Jul  6 20:36 fort.18.pe7
-rw-r--r-- 1 daga users        0 Jul  6 20:36 fort.1.pe0
-rw-r--r-- 1 daga users        0 Jul  6 20:36 fort.1.pe1
-rw-r--r-- 1 daga users        0 Jul  6 20:36 fort.1.pe2
-rw-r--r-- 1 daga users        0 Jul  6 20:36 fort.1.pe3
-rw-r--r-- 1 daga users        0 Jul  6 20:36 fort.1.pe4
-rw-r--r-- 1 daga users        0 Jul  6 20:36 fort.1.pe5
-rw-r--r-- 1 daga users        0 Jul  6 20:36 fort.1.pe6
-rw-r--r-- 1 daga users        0 Jul  6 20:36 fort.1.pe7
-rw-r--r-- 1 daga users        0 Jul  6 20:36 fort.20
-rw-r--r-- 1 daga users        0 Jul  6 20:36 fort.28.pe0
-rw-r--r-- 1 daga users        0 Jul  6 20:36 fort.28.pe1
-rw-r--r-- 1 daga users        0 Jul  6 20:36 fort.28.pe2
-rw-r--r-- 1 daga users        0 Jul  6 20:36 fort.28.pe3
-rw-r--r-- 1 daga users        0 Jul  6 20:36 fort.28.pe4
-rw-r--r-- 1 daga users        0 Jul  6 20:36 fort.28.pe5
-rw-r--r-- 1 daga users        0 Jul  6 20:36 fort.28.pe6
-rw-r--r-- 1 daga users        0 Jul  6 20:36 fort.28.pe7
-rw-r--r-- 1 daga users        0 Jul  6 20:36 fort.29.pe0
-rw-r--r-- 1 daga users        0 Jul  6 20:36 fort.29.pe1
-rw-r--r-- 1 daga users        0 Jul  6 20:36 fort.29.pe2
-rw-r--r-- 1 daga users        0 Jul  6 20:36 fort.29.pe3
-rw-r--r-- 1 daga users        0 Jul  6 20:36 fort.29.pe4
-rw-r--r-- 1 daga users        0 Jul  6 20:36 fort.29.pe5
-rw-r--r-- 1 daga users        0 Jul  6 20:36 fort.29.pe6
-rw-r--r-- 1 daga users        0 Jul  6 20:36 fort.29.pe7
-rw-r--r-- 1 daga users        0 Jul  6 20:36 fort.38.pe0
-rw-r--r-- 1 daga users        0 Jul  6 20:36 fort.38.pe1
-rw-r--r-- 1 daga users        0 Jul  6 20:36 fort.38.pe2
-rw-r--r-- 1 daga users        0 Jul  6 20:36 fort.38.pe3
-rw-r--r-- 1 daga users        0 Jul  6 20:36 fort.38.pe4
-rw-r--r-- 1 daga users        0 Jul  6 20:36 fort.38.pe5
-rw-r--r-- 1 daga users        0 Jul  6 20:36 fort.38.pe6
-rw-r--r-- 1 daga users        0 Jul  6 20:36 fort.38.pe7
-rw-r--r-- 1 daga users        0 Jul  6 20:36 fort.3.pe0
-rw-r--r-- 1 daga users        0 Jul  6 20:36 fort.3.pe1
-rw-r--r-- 1 daga users        0 Jul  6 20:36 fort.3.pe2
-rw-r--r-- 1 daga users        0 Jul  6 20:36 fort.3.pe3
-rw-r--r-- 1 daga users        0 Jul  6 20:36 fort.3.pe4
-rw-r--r-- 1 daga users        0 Jul  6 20:36 fort.3.pe5
-rw-r--r-- 1 daga users        0 Jul  6 20:36 fort.3.pe6
-rw-r--r-- 1 daga users        0 Jul  6 20:36 fort.3.pe7
-rw-r--r-- 1 daga users        0 Jul  6 20:36 fort.40.pe0
-rw-r--r-- 1 daga users        0 Jul  6 20:36 fort.40.pe1
-rw-r--r-- 1 daga users        0 Jul  6 20:36 fort.40.pe2
-rw-r--r-- 1 daga users        0 Jul  6 20:36 fort.40.pe3
-rw-r--r-- 1 daga users        0 Jul  6 20:36 fort.40.pe4
-rw-r--r-- 1 daga users        0 Jul  6 20:36 fort.40.pe5
-rw-r--r-- 1 daga users        0 Jul  6 20:36 fort.40.pe6
-rw-r--r-- 1 daga users        0 Jul  6 20:36 fort.40.pe7
-rw-r--r-- 1 daga users      106 Jul  6 20:37 fort.87
-rw-r--r-- 1 daga users        0 Jul  6 20:36 fort.8.pe0
-rw-r--r-- 1 daga users        0 Jul  6 20:36 fort.8.pe1
-rw-r--r-- 1 daga users        0 Jul  6 20:36 fort.8.pe2
-rw-r--r-- 1 daga users        0 Jul  6 20:36 fort.8.pe3
-rw-r--r-- 1 daga users        0 Jul  6 20:36 fort.8.pe4
-rw-r--r-- 1 daga users        0 Jul  6 20:36 fort.8.pe5
-rw-r--r-- 1 daga users        0 Jul  6 20:36 fort.8.pe6
-rw-r--r-- 1 daga users        0 Jul  6 20:36 fort.8.pe7
-rw-r--r-- 1 daga users        0 Jul  6 20:36 fort.9
-rw-r--r-- 1 daga users        0 Jul  6 20:36 fort.95.pe0
-rw-r--r-- 1 daga users        0 Jul  6 20:36 fort.95.pe1
-rw-r--r-- 1 daga users        0 Jul  6 20:36 fort.95.pe2
-rw-r--r-- 1 daga users        0 Jul  6 20:36 fort.95.pe3
-rw-r--r-- 1 daga users        0 Jul  6 20:36 fort.95.pe4
-rw-r--r-- 1 daga users        0 Jul  6 20:36 fort.95.pe5
-rw-r--r-- 1 daga users        0 Jul  6 20:36 fort.95.pe6
-rw-r--r-- 1 daga users        0 Jul  6 20:36 fort.95.pe7
-rw-r--r-- 1 daga users     4417 Jul  6 20:36 INPUT
-rwxr-xr-x 1 daga users 76454824 Jul  6 20:36 Pcrystal-389790
lrwxrwxrwx 1 daga users       72 Jul  6 20:36 SCFOUT.LOG -> /home/daga/roberto/new_calc/basis_convergence/def2-QZVP_VII_ice_sol.out2
